<?xml version="1.0" encoding="UTF-8"?>
<testsuite name="com.ities45.orion_navigation_bars.ExampleUnitTest" tests="1" skipped="0" failures="0" errors="0" timestamp="2025-08-24T15:54:58.150Z" hostname="mans" time="0.004">
  <properties/>
  <testcase name="addition_isCorrect" classname="com.ities45.orion_navigation_bars.ExampleUnitTest" time="0.004"/>
  <system-out><![CDATA[]]></system-out>
  <system-err><![CDATA[]]></system-err>
</testsuite>
